<?xml version="1.0" encoding="UTF-8"?>
<!-- Generated by org.testng.reporters.JUnitXMLReporter -->
<testsuite hostname="DELLVOSTRO" ignored="0" name="ComposeTests" tests="3" failures="0" timestamp="07 Dec 2020 11:46:34 GMT" time="20.093" errors="0">
  <testcase name="@BeforeClass setup" time="20.008" classname="tests.ComposeTest">
    <failure type="org.openqa.selenium.WebDriverException" message="Remote browser did not respond to getCurrentUrl
Build info: version: &amp;apos;3.141.59&amp;apos;, revision: &amp;apos;e82be7d358&amp;apos;, time: &amp;apos;2018-11-14T08:17:03&amp;apos;
System info: host: &amp;apos;DELLVOSTRO&amp;apos;, ip: &amp;apos;192.168.0.181&amp;apos;, os.name: &amp;apos;Windows 8&amp;apos;, os.arch: &amp;apos;amd64&amp;apos;, os.version: &amp;apos;6.2&amp;apos;, java.version: &amp;apos;1.8.0_221&amp;apos;
Driver info: driver.version: RemoteWebDriver">
      <![CDATA[org.openqa.selenium.WebDriverException: Remote browser did not respond to getCurrentUrl
Build info: version: '3.141.59', revision: 'e82be7d358', time: '2018-11-14T08:17:03'
System info: host: 'DELLVOSTRO', ip: '192.168.0.181', os.name: 'Windows 8', os.arch: 'amd64', os.version: '6.2', java.version: '1.8.0_221'
Driver info: driver.version: RemoteWebDriver
at org.openqa.selenium.remote.RemoteWebDriver.getCurrentUrl(RemoteWebDriver.java:289)
at org.openqa.selenium.support.ui.ExpectedConditions$4.apply(ExpectedConditions.java:132)
at org.openqa.selenium.support.ui.ExpectedConditions$4.apply(ExpectedConditions.java:127)
at org.openqa.selenium.support.ui.FluentWait.until(FluentWait.java:249)
at pages.Login.loginToGmail(Login.java:44)
at tests.ComposeTest.setup(ComposeTest.java:41)
... Removed 26 stack frames]]>
    </failure>
  </testcase> <!-- @BeforeClass setup -->
  <testcase name="@AfterClass closure" time="0.0" classname="tests.ComposeTest">
    <skipped/>
  </testcase> <!-- @AfterClass closure -->
  <testcase name="ComposeSuccess" time="0.0" classname="tests.ComposeTest">
    <skipped/>
  </testcase> <!-- ComposeSuccess -->
  <testcase name="verifyAlertforNoBodyAndSub" time="0.0" classname="tests.ComposeTest">
    <skipped/>
  </testcase> <!-- verifyAlertforNoBodyAndSub -->
  <testcase name="ccMail" time="0.0" classname="tests.ComposeTest">
    <skipped/>
  </testcase> <!-- ccMail -->
</testsuite> <!-- ComposeTests -->
